2016-10-18 at 11:57:02 TST INFO  com.coretronic.hpbu.SyncMain 25 main - app start !!
2016-10-18 at 11:57:02 TST INFO  com.coretronic.hpbu.SyncMain 51 main - Date: Tue Oct 18 10:57:02 CST 2016 / Tue Oct 18 11:57:02 CST 2016
2016-10-18 at 11:57:03 TST INFO  com.coretronic.hpbu.DBManager 56 getDuration - Sync Date: 20161018105702
2016-10-18 at 11:57:04 TST INFO  com.coretronic.hpbu.DBManager 98 saveToDB - Sync Success!!
2016-10-18 at 11:57:04 TST INFO  com.coretronic.hpbu.DBManager 98 saveToDB - Sync Success!!
2016-10-18 at 11:57:04 TST INFO  com.coretronic.hpbu.DBManager 98 saveToDB - Sync Success!!
2016-10-18 at 11:57:04 TST INFO  com.coretronic.hpbu.DBManager 98 saveToDB - Sync Success!!
2016-10-18 at 11:57:04 TST INFO  com.coretronic.hpbu.DBManager 98 saveToDB - Sync Success!!
2016-10-18 at 11:57:04 TST INFO  com.coretronic.hpbu.DBManager 98 saveToDB - Sync Success!!
2016-10-18 at 11:57:04 TST INFO  com.coretronic.hpbu.DBManager 98 saveToDB - Sync Success!!
2016-10-18 at 11:57:04 TST INFO  com.coretronic.hpbu.DBManager 98 saveToDB - Sync Success!!
2016-10-18 at 11:57:04 TST INFO  com.coretronic.hpbu.DBManager 98 saveToDB - Sync Success!!
2016-10-18 at 11:57:04 TST INFO  com.coretronic.hpbu.DBManager 98 saveToDB - Sync Success!!
2016-10-18 at 11:57:05 TST INFO  com.coretronic.hpbu.DBManager 98 saveToDB - Sync Success!!
2016-10-18 at 11:57:05 TST INFO  com.coretronic.hpbu.DBManager 98 saveToDB - Sync Success!!
2016-10-18 at 11:57:05 TST INFO  com.coretronic.hpbu.DBManager 98 saveToDB - Sync Success!!
2016-10-18 at 11:57:05 TST INFO  com.coretronic.hpbu.DBManager 98 saveToDB - Sync Success!!
2016-10-18 at 11:57:05 TST INFO  com.coretronic.hpbu.DBManager 98 saveToDB - Sync Success!!
2016-10-18 at 11:57:05 TST INFO  com.coretronic.hpbu.DBManager 98 saveToDB - Sync Success!!
2016-10-18 at 11:57:05 TST INFO  com.coretronic.hpbu.DBManager 98 saveToDB - Sync Success!!
2016-10-18 at 11:57:05 TST INFO  com.coretronic.hpbu.DBManager 98 saveToDB - Sync Success!!
2016-10-18 at 11:57:05 TST INFO  com.coretronic.hpbu.DBManager 98 saveToDB - Sync Success!!
2016-10-18 at 11:57:05 TST INFO  com.coretronic.hpbu.DBManager 98 saveToDB - Sync Success!!
2016-10-18 at 11:57:05 TST INFO  com.coretronic.hpbu.DBManager 98 saveToDB - Sync Success!!
2016-10-18 at 11:57:05 TST INFO  com.coretronic.hpbu.DBManager 98 saveToDB - Sync Success!!
2016-10-18 at 11:57:05 TST INFO  com.coretronic.hpbu.DBManager 98 saveToDB - Sync Success!!
2016-10-18 at 11:57:05 TST INFO  com.coretronic.hpbu.DBManager 98 saveToDB - Sync Success!!
2016-10-18 at 11:57:05 TST INFO  com.coretronic.hpbu.DBManager 98 saveToDB - Sync Success!!
2016-10-18 at 11:57:05 TST INFO  com.coretronic.hpbu.DBManager 98 saveToDB - Sync Success!!
2016-10-18 at 11:57:05 TST INFO  com.coretronic.hpbu.DBManager 98 saveToDB - Sync Success!!
2016-10-18 at 11:57:05 TST INFO  com.coretronic.hpbu.DBManager 98 saveToDB - Sync Success!!
2016-10-18 at 11:57:05 TST INFO  com.coretronic.hpbu.DBManager 98 saveToDB - Sync Success!!
2016-10-18 at 11:57:05 TST INFO  com.coretronic.hpbu.DBManager 98 saveToDB - Sync Success!!
2016-10-18 at 11:57:05 TST INFO  com.coretronic.hpbu.DBManager 98 saveToDB - Sync Success!!
2016-10-18 at 11:57:05 TST INFO  com.coretronic.hpbu.DBManager 98 saveToDB - Sync Success!!
2016-10-18 at 11:57:05 TST INFO  com.coretronic.hpbu.DBManager 98 saveToDB - Sync Success!!
2016-10-18 at 11:57:05 TST INFO  com.coretronic.hpbu.DBManager 98 saveToDB - Sync Success!!
2016-10-18 at 11:57:05 TST INFO  com.coretronic.hpbu.DBManager 98 saveToDB - Sync Success!!
2016-10-18 at 11:57:05 TST INFO  com.coretronic.hpbu.DBManager 98 saveToDB - Sync Success!!
2016-10-18 at 11:57:05 TST INFO  com.coretronic.hpbu.DBManager 98 saveToDB - Sync Success!!
2016-10-18 at 11:57:05 TST INFO  com.coretronic.hpbu.DBManager 98 saveToDB - Sync Success!!
2016-10-18 at 11:57:05 TST INFO  com.coretronic.hpbu.DBManager 98 saveToDB - Sync Success!!
2016-10-18 at 11:57:05 TST INFO  com.coretronic.hpbu.DBManager 98 saveToDB - Sync Success!!
2016-10-18 at 11:57:05 TST INFO  com.coretronic.hpbu.DBManager 98 saveToDB - Sync Success!!
2016-10-18 at 11:57:05 TST INFO  com.coretronic.hpbu.DBManager 98 saveToDB - Sync Success!!
2016-10-18 at 11:57:05 TST INFO  com.coretronic.hpbu.DBManager 98 saveToDB - Sync Success!!
2016-10-18 at 11:57:05 TST INFO  com.coretronic.hpbu.DBManager 98 saveToDB - Sync Success!!
2016-10-18 at 11:57:05 TST INFO  com.coretronic.hpbu.DBManager 98 saveToDB - Sync Success!!
2016-10-18 at 11:57:05 TST INFO  com.coretronic.hpbu.DBManager 98 saveToDB - Sync Success!!
2016-10-18 at 11:57:05 TST INFO  com.coretronic.hpbu.DBManager 98 saveToDB - Sync Success!!
2016-10-18 at 11:57:05 TST INFO  com.coretronic.hpbu.DBManager 98 saveToDB - Sync Success!!
2016-10-18 at 11:57:05 TST INFO  com.coretronic.hpbu.DBManager 98 saveToDB - Sync Success!!
2016-10-18 at 11:57:05 TST INFO  com.coretronic.hpbu.DBManager 98 saveToDB - Sync Success!!
2016-10-18 at 11:57:05 TST INFO  com.coretronic.hpbu.DBManager 98 saveToDB - Sync Success!!
2016-10-18 at 11:57:06 TST INFO  com.coretronic.hpbu.DBManager 98 saveToDB - Sync Success!!
2016-10-18 at 11:57:06 TST INFO  com.coretronic.hpbu.DBManager 98 saveToDB - Sync Success!!
2016-10-18 at 11:57:06 TST INFO  com.coretronic.hpbu.DBManager 98 saveToDB - Sync Success!!
2016-10-18 at 11:57:06 TST INFO  com.coretronic.hpbu.DBManager 98 saveToDB - Sync Success!!
2016-10-18 at 11:57:06 TST INFO  com.coretronic.hpbu.DBManager 98 saveToDB - Sync Success!!
2016-10-18 at 11:57:06 TST INFO  com.coretronic.hpbu.DBManager 98 saveToDB - Sync Success!!
2016-10-18 at 11:57:06 TST INFO  com.coretronic.hpbu.DBManager 98 saveToDB - Sync Success!!
2016-10-18 at 11:57:06 TST INFO  com.coretronic.hpbu.DBManager 98 saveToDB - Sync Success!!
2016-10-18 at 11:57:06 TST INFO  com.coretronic.hpbu.DBManager 98 saveToDB - Sync Success!!
2016-10-18 at 11:57:06 TST INFO  com.coretronic.hpbu.DBManager 98 saveToDB - Sync Success!!
2016-10-18 at 11:57:06 TST INFO  com.coretronic.hpbu.DBManager 98 saveToDB - Sync Success!!
2016-10-18 at 11:57:06 TST INFO  com.coretronic.hpbu.DBManager 98 saveToDB - Sync Success!!
2016-10-18 at 11:57:06 TST INFO  com.coretronic.hpbu.DBManager 98 saveToDB - Sync Success!!
2016-10-18 at 11:57:06 TST INFO  com.coretronic.hpbu.SyncMain 72 main - Run Time: 2.838
2016-10-18 at 11:57:06 TST INFO  com.coretronic.hpbu.SyncMain 78 main - Sync Finish !!
2016-10-18 at 11:58:35 TST INFO  com.coretronic.hpbu.SyncMain 25 main - app start !!
2016-10-18 at 11:58:35 TST INFO  com.coretronic.hpbu.SyncMain 51 main - Date: Tue Oct 18 10:58:35 CST 2016 / Tue Oct 18 11:58:35 CST 2016
2016-10-18 at 11:58:36 TST INFO  com.coretronic.hpbu.DBManager 56 getDuration - Sync Date: 20161018105835
2016-10-18 at 11:58:37 TST INFO  com.coretronic.hpbu.DBManager 166 checkRecord - Exist: P_DATE='2016-10-18',TIME='11:52:54',MODEL_NO='GSZ28H-UWI',PRODUCT_SN='PGA66200GD-0006'
2016-10-18 at 11:58:37 TST INFO  com.coretronic.hpbu.DBManager 98 saveToDB - Sync Success!!
2016-10-18 at 11:58:37 TST INFO  com.coretronic.hpbu.DBManager 98 saveToDB - Sync Success!!
2016-10-18 at 11:58:37 TST INFO  com.coretronic.hpbu.DBManager 166 checkRecord - Exist: P_DATE='2016-10-18',TIME='11:38:32',MODEL_NO='GSZ28H-UWI',PRODUCT_SN='PGA66200GD-0017'
2016-10-18 at 11:58:37 TST INFO  com.coretronic.hpbu.DBManager 98 saveToDB - Sync Success!!
2016-10-18 at 11:58:37 TST INFO  com.coretronic.hpbu.DBManager 166 checkRecord - Exist: P_DATE='2016-10-18',TIME='11:35:51',MODEL_NO='GSZ28H-UWI',PRODUCT_SN='PGA66200GD-0010'
2016-10-18 at 11:58:37 TST INFO  com.coretronic.hpbu.DBManager 166 checkRecord - Exist: P_DATE='2016-10-18',TIME='11:04:15',MODEL_NO='X115-ACER',PRODUCT_SN='FGA62400AM-0360'
2016-10-18 at 11:58:37 TST INFO  com.coretronic.hpbu.DBManager 166 checkRecord - Exist: P_DATE='2016-10-18',TIME='10:58:53',MODEL_NO='P1286',PRODUCT_SN='FGA61500AM-0033'
2016-10-18 at 11:58:37 TST INFO  com.coretronic.hpbu.DBManager 166 checkRecord - Exist: P_DATE='2016-10-18',TIME='11:10:18',MODEL_NO='X312',PRODUCT_SN='FGA30500OM-0100'
2016-10-18 at 11:58:37 TST INFO  com.coretronic.hpbu.DBManager 166 checkRecord - Exist: P_DATE='2016-10-18',TIME='11:00:51',MODEL_NO='X115-ACER',PRODUCT_SN='FGA62400AM-0354'
2016-10-18 at 11:58:37 TST INFO  com.coretronic.hpbu.DBManager 166 checkRecord - Exist: P_DATE='2016-10-18',TIME='11:04:54',MODEL_NO='X115-ACER',PRODUCT_SN='FGA62400AM-0344'
2016-10-18 at 11:58:37 TST INFO  com.coretronic.hpbu.DBManager 166 checkRecord - Exist: P_DATE='2016-10-18',TIME='10:59:36',MODEL_NO='P1286',PRODUCT_SN='FGA64200AM-0016'
2016-10-18 at 11:58:37 TST INFO  com.coretronic.hpbu.DBManager 166 checkRecord - Exist: P_DATE='2016-10-18',TIME='11:10:44',MODEL_NO='X312',PRODUCT_SN='FGA30500OM-0101'
2016-10-18 at 11:58:37 TST INFO  com.coretronic.hpbu.DBManager 166 checkRecord - Exist: P_DATE='2016-10-18',TIME='11:11:10',MODEL_NO='X312',PRODUCT_SN='FGA30500OM-0102'
2016-10-18 at 11:58:37 TST INFO  com.coretronic.hpbu.DBManager 166 checkRecord - Exist: P_DATE='2016-10-18',TIME='11:00:25',MODEL_NO='P1286',PRODUCT_SN='FGA64200AM-0005'
2016-10-18 at 11:58:37 TST INFO  com.coretronic.hpbu.DBManager 166 checkRecord - Exist: P_DATE='2016-10-18',TIME='11:01:17',MODEL_NO='X312',PRODUCT_SN='FGA30500OM-0079'
2016-10-18 at 11:58:37 TST INFO  com.coretronic.hpbu.DBManager 166 checkRecord - Exist: P_DATE='2016-10-18',TIME='11:01:58',MODEL_NO='X312',PRODUCT_SN='FGA30500OM-0081'
2016-10-18 at 11:58:37 TST INFO  com.coretronic.hpbu.DBManager 166 checkRecord - Exist: P_DATE='2016-10-18',TIME='11:05:31',MODEL_NO='X312',PRODUCT_SN='FGA30500OM-0089'
2016-10-18 at 11:58:37 TST INFO  com.coretronic.hpbu.DBManager 166 checkRecord - Exist: P_DATE='2016-10-18',TIME='11:11:56',MODEL_NO='X312',PRODUCT_SN='FGA30500OM-0080'
2016-10-18 at 11:58:37 TST INFO  com.coretronic.hpbu.DBManager 166 checkRecord - Exist: P_DATE='2016-10-18',TIME='10:59:54',MODEL_NO='X312',PRODUCT_SN='FGA30500OM-0069'
2016-10-18 at 11:58:37 TST INFO  com.coretronic.hpbu.DBManager 166 checkRecord - Exist: P_DATE='2016-10-18',TIME='11:04:00',MODEL_NO='X312',PRODUCT_SN='FGA30500OM-0085'
2016-10-18 at 11:58:37 TST INFO  com.coretronic.hpbu.DBManager 166 checkRecord - Exist: P_DATE='2016-10-18',TIME='11:01:07',MODEL_NO='P1286',PRODUCT_SN='FGA64200AM-0006'
2016-10-18 at 11:58:37 TST INFO  com.coretronic.hpbu.DBManager 166 checkRecord - Exist: P_DATE='2016-10-18',TIME='11:12:22',MODEL_NO='X312',PRODUCT_SN='FGA30500OM-0104'
2016-10-18 at 11:58:37 TST INFO  com.coretronic.hpbu.DBManager 166 checkRecord - Exist: P_DATE='2016-10-18',TIME='11:06:45',MODEL_NO='X115-ACER',PRODUCT_SN='FGA62400AM-0345'
2016-10-18 at 11:58:37 TST INFO  com.coretronic.hpbu.DBManager 166 checkRecord - Exist: P_DATE='2016-10-18',TIME='11:12:47',MODEL_NO='X312',PRODUCT_SN='FGA30500OM-0106'
2016-10-18 at 11:58:37 TST INFO  com.coretronic.hpbu.DBManager 166 checkRecord - Exist: P_DATE='2016-10-18',TIME='11:02:05',MODEL_NO='P1286',PRODUCT_SN='FGA64500AM-0008'
2016-10-18 at 11:58:37 TST INFO  com.coretronic.hpbu.DBManager 166 checkRecord - Exist: P_DATE='2016-10-18',TIME='11:07:26',MODEL_NO='X115-ACER',PRODUCT_SN='FGA62400AM-0342'
2016-10-18 at 11:58:37 TST INFO  com.coretronic.hpbu.DBManager 166 checkRecord - Exist: P_DATE='2016-10-18',TIME='11:14:14',MODEL_NO='X312',PRODUCT_SN='FGA30500OM-0105'
2016-10-18 at 11:58:37 TST INFO  com.coretronic.hpbu.DBManager 166 checkRecord - Exist: P_DATE='2016-10-18',TIME='11:03:17',MODEL_NO='P1186',PRODUCT_SN='FGA77800AM-0027'
2016-10-18 at 11:58:37 TST INFO  com.coretronic.hpbu.DBManager 166 checkRecord - Exist: P_DATE='2016-10-18',TIME='11:21:23',MODEL_NO='GSZ28H-UWI',PRODUCT_SN='PGA66200GD-0012'
2016-10-18 at 11:58:37 TST INFO  com.coretronic.hpbu.DBManager 166 checkRecord - Exist: P_DATE='2016-10-18',TIME='11:43:16',MODEL_NO='GSZ28H-UWI',PRODUCT_SN='PGA66200GD-0014'
2016-10-18 at 11:58:37 TST INFO  com.coretronic.hpbu.DBManager 166 checkRecord - Exist: P_DATE='2016-10-18',TIME='11:45:12',MODEL_NO='P1186',PRODUCT_SN='FGA61300AM-0019'
2016-10-18 at 11:58:37 TST INFO  com.coretronic.hpbu.DBManager 166 checkRecord - Exist: P_DATE='2016-10-18',TIME='11:00:23',MODEL_NO='X312',PRODUCT_SN='FGA30500OM-0070'
2016-10-18 at 11:58:37 TST INFO  com.coretronic.hpbu.DBManager 166 checkRecord - Exist: P_DATE='2016-10-18',TIME='11:04:30',MODEL_NO='X312',PRODUCT_SN='FGA30500OM-0024'
2016-10-18 at 11:58:37 TST INFO  com.coretronic.hpbu.DBManager 166 checkRecord - Exist: P_DATE='2016-10-18',TIME='10:59:38',MODEL_NO='X115-ACER',PRODUCT_SN='FGA62400AM-0270'
2016-10-18 at 11:58:37 TST INFO  com.coretronic.hpbu.DBManager 166 checkRecord - Exist: P_DATE='2016-10-18',TIME='11:02:55',MODEL_NO='X115-ACER',PRODUCT_SN='FGA62400AM-0362'
2016-10-18 at 11:58:37 TST INFO  com.coretronic.hpbu.DBManager 98 saveToDB - Sync Success!!
2016-10-18 at 11:58:37 TST INFO  com.coretronic.hpbu.DBManager 166 checkRecord - Exist: P_DATE='2016-10-18',TIME='11:00:50',MODEL_NO='X312',PRODUCT_SN='FGA30500OM-0076'
2016-10-18 at 11:58:37 TST INFO  com.coretronic.hpbu.DBManager 166 checkRecord - Exist: P_DATE='2016-10-18',TIME='11:01:32',MODEL_NO='X115-ACER',PRODUCT_SN='FGA62400AM-0355'
2016-10-18 at 11:58:37 TST INFO  com.coretronic.hpbu.DBManager 166 checkRecord - Exist: P_DATE='2016-10-18',TIME='11:07:23',MODEL_NO='X312',PRODUCT_SN='FGA30500OM-0095'
2016-10-18 at 11:58:38 TST INFO  com.coretronic.hpbu.DBManager 166 checkRecord - Exist: P_DATE='2016-10-18',TIME='11:02:14',MODEL_NO='X115-ACER',PRODUCT_SN='FGA62400AM-0358'
2016-10-18 at 11:58:38 TST INFO  com.coretronic.hpbu.DBManager 166 checkRecord - Exist: P_DATE='2016-10-18',TIME='11:08:10',MODEL_NO='X312',PRODUCT_SN='FGA30500OM-0097'
2016-10-18 at 11:58:38 TST INFO  com.coretronic.hpbu.DBManager 166 checkRecord - Exist: P_DATE='2016-10-18',TIME='11:03:33',MODEL_NO='X115-ACER',PRODUCT_SN='FGA62400AM-0361'
2016-10-18 at 11:58:38 TST INFO  com.coretronic.hpbu.DBManager 166 checkRecord - Exist: P_DATE='2016-10-18',TIME='11:09:15',MODEL_NO='X312',PRODUCT_SN='FGA30500OM-0098'
2016-10-18 at 11:58:38 TST INFO  com.coretronic.hpbu.DBManager 166 checkRecord - Exist: P_DATE='2016-10-18',TIME='11:02:39',MODEL_NO='X312',PRODUCT_SN='FGA30500OM-0083'
2016-10-18 at 11:58:38 TST INFO  com.coretronic.hpbu.DBManager 166 checkRecord - Exist: P_DATE='2016-10-18',TIME='11:05:58',MODEL_NO='X312',PRODUCT_SN='FGA30500OM-0091'
2016-10-18 at 11:58:38 TST INFO  com.coretronic.hpbu.DBManager 166 checkRecord - Exist: P_DATE='2016-10-18',TIME='11:08:39',MODEL_NO='X312',PRODUCT_SN='FGA30500OM-0099'
2016-10-18 at 11:58:38 TST INFO  com.coretronic.hpbu.DBManager 166 checkRecord - Exist: P_DATE='2016-10-18',TIME='11:47:57',MODEL_NO='P1186',PRODUCT_SN='FGA61300AM-0029'
2016-10-18 at 11:58:38 TST INFO  com.coretronic.hpbu.DBManager 166 checkRecord - Exist: P_DATE='2016-10-18',TIME='11:29:45',MODEL_NO='GSZ28H-UWI',PRODUCT_SN='PGA66200GD-0001'
2016-10-18 at 11:58:38 TST INFO  com.coretronic.hpbu.DBManager 98 saveToDB - Sync Success!!
2016-10-18 at 11:58:38 TST INFO  com.coretronic.hpbu.DBManager 166 checkRecord - Exist: P_DATE='2016-10-18',TIME='11:46:18',MODEL_NO='P1186',PRODUCT_SN='FGA61300AM-0018'
2016-10-18 at 11:58:38 TST INFO  com.coretronic.hpbu.DBManager 166 checkRecord - Exist: P_DATE='2016-10-18',TIME='11:46:56',MODEL_NO='P1186',PRODUCT_SN='FGA61300AM-0016'
2016-10-18 at 11:58:38 TST INFO  com.coretronic.hpbu.DBManager 166 checkRecord - Exist: P_DATE='2016-10-18',TIME='11:49:56',MODEL_NO='P1186',PRODUCT_SN='FGA61300AM-0009'
2016-10-18 at 11:58:38 TST INFO  com.coretronic.hpbu.DBManager 166 checkRecord - Exist: P_DATE='2016-10-18',TIME='11:03:23',MODEL_NO='X312',PRODUCT_SN='FGA30500OM-0084'
2016-10-18 at 11:58:38 TST INFO  com.coretronic.hpbu.DBManager 166 checkRecord - Exist: P_DATE='2016-10-18',TIME='10:58:54',MODEL_NO='X115-ACER',PRODUCT_SN='FGA62400AM-0353'
2016-10-18 at 11:58:38 TST INFO  com.coretronic.hpbu.DBManager 166 checkRecord - Exist: P_DATE='2016-10-18',TIME='11:00:15',MODEL_NO='X115-ACER',PRODUCT_SN='FGA62400AM-0351'
2016-10-18 at 11:58:38 TST INFO  com.coretronic.hpbu.DBManager 166 checkRecord - Exist: P_DATE='2016-10-18',TIME='11:06:38',MODEL_NO='X312',PRODUCT_SN='FGA30500OM-0092'
2016-10-18 at 11:58:38 TST INFO  com.coretronic.hpbu.DBManager 166 checkRecord - Exist: P_DATE='2016-10-18',TIME='11:13:26',MODEL_NO='X312',PRODUCT_SN='FGA30500OM-0109'
2016-10-18 at 11:58:38 TST INFO  com.coretronic.hpbu.DBManager 166 checkRecord - Exist: P_DATE='2016-10-18',TIME='11:08:08',MODEL_NO='X115-ACER',PRODUCT_SN='FGA62400AM-0363'
2016-10-18 at 11:58:38 TST INFO  com.coretronic.hpbu.DBManager 166 checkRecord - Exist: P_DATE='2016-10-18',TIME='11:08:56',MODEL_NO='X115-ACER',PRODUCT_SN='FGA62400AM-0366'
2016-10-18 at 11:58:38 TST INFO  com.coretronic.hpbu.DBManager 166 checkRecord - Exist: P_DATE='2016-10-18',TIME='11:04:00',MODEL_NO='P1186',PRODUCT_SN='FGA61300AM-0006'
2016-10-18 at 11:58:38 TST INFO  com.coretronic.hpbu.DBManager 98 saveToDB - Sync Success!!
2016-10-18 at 11:58:38 TST INFO  com.coretronic.hpbu.DBManager 166 checkRecord - Exist: P_DATE='2016-10-18',TIME='11:49:07',MODEL_NO='P1186',PRODUCT_SN='FGA61300AM-0012'
2016-10-18 at 11:58:38 TST INFO  com.coretronic.hpbu.SyncMain 72 main - Run Time: 2.026
2016-10-18 at 11:58:38 TST INFO  com.coretronic.hpbu.SyncMain 78 main - Sync Finish !!
2016-10-18 at 11:59:25 TST INFO  com.coretronic.hpbu.SyncMain 25 main - app start !!
2016-10-18 at 11:59:25 TST INFO  com.coretronic.hpbu.SyncMain 51 main - Date: Tue Oct 18 10:59:25 CST 2016 / Tue Oct 18 11:59:25 CST 2016
2016-10-18 at 11:59:26 TST INFO  com.coretronic.hpbu.DBManager 56 getDuration - Sync Date: 20161018105925
2016-10-18 at 11:59:27 TST INFO  com.coretronic.hpbu.DBManager 166 checkRecord - Exist: P_DATE='2016-10-18',TIME='11:52:54',MODEL_NO='GSZ28H-UWI',PRODUCT_SN='PGA66200GD-0006'
2016-10-18 at 11:59:27 TST INFO  com.coretronic.hpbu.DBManager 98 saveToDB - Sync Success!!
2016-10-18 at 11:59:27 TST INFO  com.coretronic.hpbu.DBManager 98 saveToDB - Sync Success!!
2016-10-18 at 11:59:27 TST INFO  com.coretronic.hpbu.DBManager 166 checkRecord - Exist: P_DATE='2016-10-18',TIME='11:51:50',MODEL_NO='P1186',PRODUCT_SN='FGA61300AM-0028'
2016-10-18 at 11:59:28 TST INFO  com.coretronic.hpbu.DBManager 166 checkRecord - Exist: P_DATE='2016-10-18',TIME='11:52:33',MODEL_NO='P1186',PRODUCT_SN='FGA61300AM-0007'
2016-10-18 at 11:59:28 TST INFO  com.coretronic.hpbu.DBManager 98 saveToDB - Sync Success!!
2016-10-18 at 11:59:28 TST INFO  com.coretronic.hpbu.DBManager 98 saveToDB - Sync Success!!
2016-10-18 at 11:59:28 TST INFO  com.coretronic.hpbu.DBManager 166 checkRecord - Exist: P_DATE='2016-10-18',TIME='11:38:32',MODEL_NO='GSZ28H-UWI',PRODUCT_SN='PGA66200GD-0017'
2016-10-18 at 11:59:28 TST INFO  com.coretronic.hpbu.DBManager 166 checkRecord - Exist: P_DATE='2016-10-18',TIME='11:58:30',MODEL_NO='X312',PRODUCT_SN='FGA30500OM-0094'
2016-10-18 at 11:59:28 TST INFO  com.coretronic.hpbu.DBManager 166 checkRecord - Exist: P_DATE='2016-10-18',TIME='11:35:51',MODEL_NO='GSZ28H-UWI',PRODUCT_SN='PGA66200GD-0010'
2016-10-18 at 11:59:28 TST INFO  com.coretronic.hpbu.DBManager 166 checkRecord - Exist: P_DATE='2016-10-18',TIME='11:04:15',MODEL_NO='X115-ACER',PRODUCT_SN='FGA62400AM-0360'
2016-10-18 at 11:59:28 TST INFO  com.coretronic.hpbu.DBManager 166 checkRecord - Exist: P_DATE='2016-10-18',TIME='11:10:18',MODEL_NO='X312',PRODUCT_SN='FGA30500OM-0100'
2016-10-18 at 11:59:28 TST INFO  com.coretronic.hpbu.DBManager 98 saveToDB - Sync Success!!
2016-10-18 at 11:59:28 TST INFO  com.coretronic.hpbu.DBManager 166 checkRecord - Exist: P_DATE='2016-10-18',TIME='11:00:51',MODEL_NO='X115-ACER',PRODUCT_SN='FGA62400AM-0354'
2016-10-18 at 11:59:28 TST INFO  com.coretronic.hpbu.DBManager 166 checkRecord - Exist: P_DATE='2016-10-18',TIME='11:04:54',MODEL_NO='X115-ACER',PRODUCT_SN='FGA62400AM-0344'
2016-10-18 at 11:59:28 TST INFO  com.coretronic.hpbu.DBManager 166 checkRecord - Exist: P_DATE='2016-10-18',TIME='10:59:36',MODEL_NO='P1286',PRODUCT_SN='FGA64200AM-0016'
2016-10-18 at 11:59:28 TST INFO  com.coretronic.hpbu.DBManager 166 checkRecord - Exist: P_DATE='2016-10-18',TIME='11:10:44',MODEL_NO='X312',PRODUCT_SN='FGA30500OM-0101'
2016-10-18 at 11:59:28 TST INFO  com.coretronic.hpbu.DBManager 166 checkRecord - Exist: P_DATE='2016-10-18',TIME='11:11:10',MODEL_NO='X312',PRODUCT_SN='FGA30500OM-0102'
2016-10-18 at 11:59:28 TST INFO  com.coretronic.hpbu.DBManager 166 checkRecord - Exist: P_DATE='2016-10-18',TIME='11:00:25',MODEL_NO='P1286',PRODUCT_SN='FGA64200AM-0005'
2016-10-18 at 11:59:28 TST INFO  com.coretronic.hpbu.DBManager 166 checkRecord - Exist: P_DATE='2016-10-18',TIME='11:01:17',MODEL_NO='X312',PRODUCT_SN='FGA30500OM-0079'
2016-10-18 at 11:59:28 TST INFO  com.coretronic.hpbu.DBManager 166 checkRecord - Exist: P_DATE='2016-10-18',TIME='11:01:58',MODEL_NO='X312',PRODUCT_SN='FGA30500OM-0081'
2016-10-18 at 11:59:28 TST INFO  com.coretronic.hpbu.DBManager 166 checkRecord - Exist: P_DATE='2016-10-18',TIME='11:05:31',MODEL_NO='X312',PRODUCT_SN='FGA30500OM-0089'
2016-10-18 at 11:59:29 TST INFO  com.coretronic.hpbu.DBManager 166 checkRecord - Exist: P_DATE='2016-10-18',TIME='11:11:56',MODEL_NO='X312',PRODUCT_SN='FGA30500OM-0080'
2016-10-18 at 11:59:29 TST INFO  com.coretronic.hpbu.DBManager 166 checkRecord - Exist: P_DATE='2016-10-18',TIME='10:59:54',MODEL_NO='X312',PRODUCT_SN='FGA30500OM-0069'
2016-10-18 at 11:59:29 TST INFO  com.coretronic.hpbu.DBManager 166 checkRecord - Exist: P_DATE='2016-10-18',TIME='11:04:00',MODEL_NO='X312',PRODUCT_SN='FGA30500OM-0085'
2016-10-18 at 11:59:29 TST INFO  com.coretronic.hpbu.DBManager 166 checkRecord - Exist: P_DATE='2016-10-18',TIME='11:01:07',MODEL_NO='P1286',PRODUCT_SN='FGA64200AM-0006'
2016-10-18 at 11:59:29 TST INFO  com.coretronic.hpbu.DBManager 166 checkRecord - Exist: P_DATE='2016-10-18',TIME='11:12:22',MODEL_NO='X312',PRODUCT_SN='FGA30500OM-0104'
2016-10-18 at 11:59:29 TST INFO  com.coretronic.hpbu.DBManager 166 checkRecord - Exist: P_DATE='2016-10-18',TIME='11:06:45',MODEL_NO='X115-ACER',PRODUCT_SN='FGA62400AM-0345'
2016-10-18 at 11:59:29 TST INFO  com.coretronic.hpbu.DBManager 166 checkRecord - Exist: P_DATE='2016-10-18',TIME='11:12:47',MODEL_NO='X312',PRODUCT_SN='FGA30500OM-0106'
2016-10-18 at 11:59:29 TST INFO  com.coretronic.hpbu.DBManager 166 checkRecord - Exist: P_DATE='2016-10-18',TIME='11:02:05',MODEL_NO='P1286',PRODUCT_SN='FGA64500AM-0008'
2016-10-18 at 11:59:29 TST INFO  com.coretronic.hpbu.DBManager 166 checkRecord - Exist: P_DATE='2016-10-18',TIME='11:07:26',MODEL_NO='X115-ACER',PRODUCT_SN='FGA62400AM-0342'
2016-10-18 at 11:59:29 TST INFO  com.coretronic.hpbu.DBManager 166 checkRecord - Exist: P_DATE='2016-10-18',TIME='11:14:14',MODEL_NO='X312',PRODUCT_SN='FGA30500OM-0105'
2016-10-18 at 11:59:29 TST INFO  com.coretronic.hpbu.DBManager 166 checkRecord - Exist: P_DATE='2016-10-18',TIME='11:03:17',MODEL_NO='P1186',PRODUCT_SN='FGA77800AM-0027'
2016-10-18 at 11:59:29 TST INFO  com.coretronic.hpbu.DBManager 166 checkRecord - Exist: P_DATE='2016-10-18',TIME='11:21:23',MODEL_NO='GSZ28H-UWI',PRODUCT_SN='PGA66200GD-0012'
2016-10-18 at 11:59:29 TST INFO  com.coretronic.hpbu.DBManager 166 checkRecord - Exist: P_DATE='2016-10-18',TIME='11:43:16',MODEL_NO='GSZ28H-UWI',PRODUCT_SN='PGA66200GD-0014'
2016-10-18 at 11:59:29 TST INFO  com.coretronic.hpbu.DBManager 166 checkRecord - Exist: P_DATE='2016-10-18',TIME='11:45:12',MODEL_NO='P1186',PRODUCT_SN='FGA61300AM-0019'
2016-10-18 at 11:59:29 TST INFO  com.coretronic.hpbu.DBManager 166 checkRecord - Exist: P_DATE='2016-10-18',TIME='11:00:23',MODEL_NO='X312',PRODUCT_SN='FGA30500OM-0070'
2016-10-18 at 11:59:29 TST INFO  com.coretronic.hpbu.DBManager 166 checkRecord - Exist: P_DATE='2016-10-18',TIME='11:04:30',MODEL_NO='X312',PRODUCT_SN='FGA30500OM-0024'
2016-10-18 at 11:59:29 TST INFO  com.coretronic.hpbu.DBManager 166 checkRecord - Exist: P_DATE='2016-10-18',TIME='10:59:38',MODEL_NO='X115-ACER',PRODUCT_SN='FGA62400AM-0270'
2016-10-18 at 11:59:29 TST INFO  com.coretronic.hpbu.DBManager 166 checkRecord - Exist: P_DATE='2016-10-18',TIME='11:02:55',MODEL_NO='X115-ACER',PRODUCT_SN='FGA62400AM-0362'
2016-10-18 at 11:59:29 TST INFO  com.coretronic.hpbu.DBManager 166 checkRecord - Exist: P_DATE='2016-10-18',TIME='11:48:57',MODEL_NO='WU1500',PRODUCT_SN='FGA52000OM-0011'
2016-10-18 at 11:59:29 TST INFO  com.coretronic.hpbu.DBManager 166 checkRecord - Exist: P_DATE='2016-10-18',TIME='11:00:50',MODEL_NO='X312',PRODUCT_SN='FGA30500OM-0076'
2016-10-18 at 11:59:29 TST INFO  com.coretronic.hpbu.DBManager 166 checkRecord - Exist: P_DATE='2016-10-18',TIME='11:01:32',MODEL_NO='X115-ACER',PRODUCT_SN='FGA62400AM-0355'
2016-10-18 at 11:59:29 TST INFO  com.coretronic.hpbu.DBManager 166 checkRecord - Exist: P_DATE='2016-10-18',TIME='11:07:23',MODEL_NO='X312',PRODUCT_SN='FGA30500OM-0095'
2016-10-18 at 11:59:29 TST INFO  com.coretronic.hpbu.DBManager 166 checkRecord - Exist: P_DATE='2016-10-18',TIME='11:02:14',MODEL_NO='X115-ACER',PRODUCT_SN='FGA62400AM-0358'
2016-10-18 at 11:59:29 TST INFO  com.coretronic.hpbu.DBManager 166 checkRecord - Exist: P_DATE='2016-10-18',TIME='11:08:10',MODEL_NO='X312',PRODUCT_SN='FGA30500OM-0097'
2016-10-18 at 11:59:29 TST INFO  com.coretronic.hpbu.DBManager 166 checkRecord - Exist: P_DATE='2016-10-18',TIME='11:03:33',MODEL_NO='X115-ACER',PRODUCT_SN='FGA62400AM-0361'
2016-10-18 at 11:59:29 TST INFO  com.coretronic.hpbu.DBManager 166 checkRecord - Exist: P_DATE='2016-10-18',TIME='11:09:15',MODEL_NO='X312',PRODUCT_SN='FGA30500OM-0098'
2016-10-18 at 11:59:29 TST INFO  com.coretronic.hpbu.DBManager 166 checkRecord - Exist: P_DATE='2016-10-18',TIME='11:02:39',MODEL_NO='X312',PRODUCT_SN='FGA30500OM-0083'
2016-10-18 at 11:59:29 TST INFO  com.coretronic.hpbu.DBManager 166 checkRecord - Exist: P_DATE='2016-10-18',TIME='11:05:58',MODEL_NO='X312',PRODUCT_SN='FGA30500OM-0091'
2016-10-18 at 11:59:29 TST INFO  com.coretronic.hpbu.DBManager 166 checkRecord - Exist: P_DATE='2016-10-18',TIME='11:08:39',MODEL_NO='X312',PRODUCT_SN='FGA30500OM-0099'
2016-10-18 at 11:59:29 TST INFO  com.coretronic.hpbu.DBManager 166 checkRecord - Exist: P_DATE='2016-10-18',TIME='11:47:57',MODEL_NO='P1186',PRODUCT_SN='FGA61300AM-0029'
2016-10-18 at 11:59:29 TST INFO  com.coretronic.hpbu.DBManager 166 checkRecord - Exist: P_DATE='2016-10-18',TIME='11:29:45',MODEL_NO='GSZ28H-UWI',PRODUCT_SN='PGA66200GD-0001'
2016-10-18 at 11:59:29 TST INFO  com.coretronic.hpbu.DBManager 166 checkRecord - Exist: P_DATE='2016-10-18',TIME='11:57:19',MODEL_NO='X312',PRODUCT_SN='FGA30500OM-0111'
2016-10-18 at 11:59:29 TST INFO  com.coretronic.hpbu.DBManager 166 checkRecord - Exist: P_DATE='2016-10-18',TIME='11:46:18',MODEL_NO='P1186',PRODUCT_SN='FGA61300AM-0018'
2016-10-18 at 11:59:29 TST INFO  com.coretronic.hpbu.DBManager 166 checkRecord - Exist: P_DATE='2016-10-18',TIME='11:46:56',MODEL_NO='P1186',PRODUCT_SN='FGA61300AM-0016'
2016-10-18 at 11:59:29 TST INFO  com.coretronic.hpbu.DBManager 166 checkRecord - Exist: P_DATE='2016-10-18',TIME='11:49:56',MODEL_NO='P1186',PRODUCT_SN='FGA61300AM-0009'
2016-10-18 at 11:59:29 TST INFO  com.coretronic.hpbu.DBManager 166 checkRecord - Exist: P_DATE='2016-10-18',TIME='11:03:23',MODEL_NO='X312',PRODUCT_SN='FGA30500OM-0084'
2016-10-18 at 11:59:30 TST INFO  com.coretronic.hpbu.DBManager 166 checkRecord - Exist: P_DATE='2016-10-18',TIME='11:00:15',MODEL_NO='X115-ACER',PRODUCT_SN='FGA62400AM-0351'
2016-10-18 at 11:59:30 TST INFO  com.coretronic.hpbu.DBManager 166 checkRecord - Exist: P_DATE='2016-10-18',TIME='11:06:38',MODEL_NO='X312',PRODUCT_SN='FGA30500OM-0092'
2016-10-18 at 11:59:30 TST INFO  com.coretronic.hpbu.DBManager 166 checkRecord - Exist: P_DATE='2016-10-18',TIME='11:13:26',MODEL_NO='X312',PRODUCT_SN='FGA30500OM-0109'
2016-10-18 at 11:59:30 TST INFO  com.coretronic.hpbu.DBManager 166 checkRecord - Exist: P_DATE='2016-10-18',TIME='11:08:08',MODEL_NO='X115-ACER',PRODUCT_SN='FGA62400AM-0363'
2016-10-18 at 11:59:30 TST INFO  com.coretronic.hpbu.DBManager 166 checkRecord - Exist: P_DATE='2016-10-18',TIME='11:08:56',MODEL_NO='X115-ACER',PRODUCT_SN='FGA62400AM-0366'
2016-10-18 at 11:59:30 TST INFO  com.coretronic.hpbu.DBManager 166 checkRecord - Exist: P_DATE='2016-10-18',TIME='11:04:00',MODEL_NO='P1186',PRODUCT_SN='FGA61300AM-0006'
2016-10-18 at 11:59:30 TST INFO  com.coretronic.hpbu.DBManager 166 checkRecord - Exist: P_DATE='2016-10-18',TIME='11:58:00',MODEL_NO='X312',PRODUCT_SN='FGA30500OM-0096'
2016-10-18 at 11:59:30 TST INFO  com.coretronic.hpbu.DBManager 166 checkRecord - Exist: P_DATE='2016-10-18',TIME='11:49:07',MODEL_NO='P1186',PRODUCT_SN='FGA61300AM-0012'
2016-10-18 at 11:59:30 TST INFO  com.coretronic.hpbu.SyncMain 72 main - Run Time: 4.064
2016-10-18 at 11:59:30 TST INFO  com.coretronic.hpbu.SyncMain 78 main - Sync Finish !!
